"../../../Engine/Content/Animation/DefaultAnimCurveCompressionSettings.uasset" 0
"../../../Engine/Content/ArtTools/RenderToTexture/Enums/RenderToTexture_Enum.uasset" 1
"../../../Engine/Content/ArtTools/RenderToTexture/Enums/RenderToTexture_Flipbook_Enum.uasset" 2
"../../../Engine/Content/ArtTools/RenderToTexture/Enums/RenderToTexture_Imposter_Enum.uasset" 3
"../../../Engine/Content/EditorBlueprintResources/StandardMacros.uasset" 4
"../../../Engine/Content/ArtTools/RenderToTexture/Enums/EIntTypes.uasset" 5
"../../../Engine/Content/ArtTools/RenderToTexture/Macros/RenderToTextureFunctionLibrary.uasset" 6
"../../../Engine/Content/ArtTools/RenderToTexture/Enums/EFloatTypes.uasset" 7
"../../../Engine/Content/ArtTools/RenderToTexture/Macros/RenderToTextureMacros.uasset" 8
"../../../Engine/Content/Functions/Engine_MaterialFunctions01/Opacity/CameraDepthFade.uasset" 9
"../../../Engine/Content/EngineMaterials/T_Default_Material_Grid_M.uasset" 10
"../../../Engine/Content/EngineMaterials/T_Default_Material_Grid_N.uasset" 11
"../../../Engine/Content/EngineMaterials/WorldGridMaterial.uasset" 12
"../../../Engine/Content/ArtTools/RenderToTexture/Meshes/S_1_Unit_Plane.uasset" 13
"../../../Engine/Content/EngineMaterials/DefaultMaterial.uasset" 14
"../../../Engine/Content/BasicShapes/Cone.uasset" 15
"../../../Engine/Content/BasicShapes/Cylinder.uasset" 16
"../../../Engine/Content/BasicShapes/Plane.uasset" 17
"../../../Engine/Content/EngineMaterials/DefaultPhysicalMaterial.uasset" 18
"../../../Engine/Content/BufferVisualization/AmbientOcclusion.uasset" 19
"../../../Engine/Content/BufferVisualization/BaseColor.uasset" 20
"../../../Engine/Content/BufferVisualization/CustomDepth.uasset" 21
"../../../Engine/Content/Functions/Engine_MaterialFunctions02/Utility/VectorLength.uasset" 22
"../../../Engine/Content/BufferVisualization/CustomDepthWorldUnits.uasset" 23
"../../../Engine/Content/Functions/Engine_MaterialFunctions02/Utility/BreakOutFloat2Components.uasset" 24
"../../../Engine/Content/Functions/Engine_MaterialFunctions01/Texturing/ScaleUVsByCenter.uasset" 25
"../../../Engine/Content/Functions/Engine_MaterialFunctions02/ScreenResolution.uasset" 26
"../../../Engine/Content/Functions/Engine_MaterialFunctions02/Texturing/ScreenAlignedUVs.uasset" 27
"../../../Engine/Content/Functions/Engine_MaterialFunctions02/Utility/MakeFloat2.uasset" 28
"../../../Engine/Content/Functions/Engine_MaterialFunctions02/Utility/MakeFloat3.uasset" 29
"../../../Engine/Content/EngineMaterials/MiniFont.uasset" 30
"../../../Engine/Content/BufferVisualization/CustomStencil.uasset" 31
"../../../Engine/Content/BufferVisualization/FinalImage.uasset" 32
"../../../Engine/Content/BufferVisualization/LightingModel.uasset" 33
"../../../Engine/Content/BufferVisualization/MaterialAO.uasset" 34
"../../../Engine/Content/BufferVisualization/Metallic.uasset" 35
"../../../Engine/Content/BufferVisualization/Opacity.uasset" 36
"../../../Engine/Content/BufferVisualization/PostTonemapHDRColor.uasset" 37
"../../../Engine/Content/BufferVisualization/PreTonemapHDRColor.uasset" 38
"../../../Engine/Content/BufferVisualization/Roughness.uasset" 39
"../../../Engine/Content/BufferVisualization/SceneColor.uasset" 40
"../../../Engine/Content/BufferVisualization/SceneDepth.uasset" 41
"../../../Engine/Content/BufferVisualization/SceneDepthWorldUnits.uasset" 42
"../../../Engine/Content/BufferVisualization/SeparateTranslucencyA.uasset" 43
"../../../Engine/Content/BufferVisualization/SeparateTranslucencyRGB.uasset" 44
"../../../Engine/Content/BufferVisualization/Specular.uasset" 45
"../../../Engine/Content/BufferVisualization/SubsurfaceColor.uasset" 46
"../../../Engine/Content/BufferVisualization/Velocity.uasset" 47
"../../../Engine/Content/BufferVisualization/WorldNormal.uasset" 48
"../../../Engine/Content/EditorBlueprintResources/ActorMacros.uasset" 49
"../../../Engine/Content/EditorLandscapeResources/DataLayer.uasset" 50
"../../../Engine/Content/EditorLandscapeResources/DefaultAlphaTexture.uasset" 51
"../../../Engine/Content/EditorLandscapeResources/LandscapeGizmoHeight_Mat.uasset" 52
"../../../Engine/Content/EditorLandscapeResources/LandscapeGizmo_Mat.uasset" 53
"../../../Engine/Content/EditorLandscapeResources/LandscapeGizmo_Mat_Copied.uasset" 54
"../../../Engine/Content/EditorLandscapeResources/SplineEditorMeshMat.uasset" 55
"../../../Engine/Content/EditorLandscapeResources/SplineEditorMesh.uasset" 56
"../../../Engine/Content/EditorMaterials/Cross.uasset" 57
"../../../Engine/Content/EditorMaterials/Cross_Mat.uasset" 58
"../../../Engine/Content/EngineMaterials/DefaultDiffuse.uasset" 59
"../../../Engine/Content/Functions/Engine_MaterialFunctions01/Texturing/TextureCropping.uasset" 60
"../../../Engine/Content/Functions/Engine_MaterialFunctions01/Texturing/ComputeMipLevel.uasset" 61
"../../../Engine/Content/Functions/Engine_MaterialFunctions02/ExampleContent/DebugNumberStrip.uasset" 62
"../../../Engine/Content/Functions/Engine_MaterialFunctions02/ExampleContent/Textures/DebugNumberPeriod.uasset" 63
"../../../Engine/Content/Functions/Engine_MaterialFunctions02/Utility/DebugScalarValues.uasset" 64
"../../../Engine/Content/Functions/Engine_MaterialFunctions02/Utility/DebugFloat2Values.uasset" 65
"../../../Engine/Content/Functions/Engine_MaterialFunctions02/ExampleContent/Textures/flipbook.uasset" 66
"../../../Engine/Content/Functions/Engine_MaterialFunctions02/Texturing/FlipBook.uasset" 67
"../../../Engine/Content/Functions/Engine_MaterialFunctions02/Utility/Sign.uasset" 68
"../../../Engine/Content/Functions/Engine_MaterialFunctions02/Utility/Round.uasset" 69
"../../../Engine/Content/EditorResources/T_EditorHelp.uasset" 70
"../../../Engine/Content/EditorMaterials/HelpActorMaterial.uasset" 71
"../../../Engine/Content/EditorMaterials/CompositeARGBLayer.uasset" 72
"../../../Engine/Content/EditorMaterials/TilingAALineIntegral.uasset" 73
"../../../Engine/Content/EditorMaterials/TilingAALineBoxFiltered.uasset" 74
"../../../Engine/Content/Functions/Engine_MaterialFunctions03/Procedurals/ComputeFilterWidth.uasset" 75
"../../../Engine/Content/EditorMaterials/TilingAADots.uasset" 76
"../../../Engine/Content/EngineMaterials/BlendFunc_DefBase.uasset" 77
"../../../Engine/Content/EngineMaterials/BlendFunc_DefBlend.uasset" 78
"../../../Engine/Content/Functions/Engine_MaterialFunctions03/Blends/Blend_Screen.uasset" 79
"../../../Engine/Content/EditorMaterials/TilingAAGrid.uasset" 80
"../../../Engine/Content/EditorMaterials/LevelGridMaterial.uasset" 81
"../../../Engine/Content/EditorMaterials/MakeCompositeARGBLayer.uasset" 82
"../../../Engine/Content/EditorResources/LevelGrid1DStripes.uasset" 83
"../../../Engine/Content/EditorMaterials/TextureGridCascaded1D.uasset" 84
"../../../Engine/Content/EditorMaterials/TextureGridCascaded2D.uasset" 85
"../../../Engine/Content/EditorMaterials/LevelGridMaterial2.uasset" 86
"../../../Engine/Content/EditorMaterials/MAT_Groups_Toggle.uasset" 87
"../../../Engine/Content/EditorMaterials/MAT_Groups_Visibility.uasset" 88
"../../../Engine/Content/EditorMaterials/AntialiasedGridFloor.uasset" 89
"../../../Engine/Content/EditorResources/TilePatine_D.uasset" 90
"../../../Engine/Content/EditorResources/TilePatine_N.uasset" 91
"../../../Engine/Content/EngineMaterials/Grid.uasset" 92
"../../../Engine/Content/EditorMaterials/PersonaFloorMat.uasset" 93
"../../../Engine/Content/EditorMaterials/PhAT_BoneSelectedMaterial.uasset" 94
"../../../Engine/Content/EditorMaterials/PhAT_ElemSelectedMaterial.uasset" 95
"../../../Engine/Content/EditorMaterials/PhAT_NoCollisionMaterial.uasset" 96
"../../../Engine/Content/EditorMaterials/PhAT_UnselectedMaterial.uasset" 97
"../../../Engine/Content/EditorMaterials/PreviewShadowIndicator.uasset" 98
"../../../Engine/Content/EditorMaterials/PreviewShadowIndicatorMaterial.uasset" 99
"../../../Engine/Content/EditorMaterials/TargetIcon.uasset" 100
"../../../Engine/Content/EditorMaterials/Tick.uasset" 101
"../../../Engine/Content/EditorMaterials/Tick_Mat.uasset" 102
"../../../Engine/Content/EditorMaterials/WidgetGridVertexColorMaterial.uasset" 103
"../../../Engine/Content/EditorMaterials/WidgetGridVertexColorMaterial_Ma.uasset" 104
"../../../Engine/Content/EditorMaterials/WidgetMaterial.uasset" 105
"../../../Engine/Content/EditorMaterials/WidgetMaterial_Current.uasset" 106
"../../../Engine/Content/EditorMaterials/WidgetMaterial_X.uasset" 107
"../../../Engine/Content/EditorMaterials/WidgetMaterial_Y.uasset" 108
"../../../Engine/Content/EditorMaterials/WidgetMaterial_Z.uasset" 109
"../../../Engine/Content/EditorMaterials/WidgetVertexColorMaterial.uasset" 110
"../../../Engine/Content/EditorMaterials/MatineeGroups/MAT_ColorTrack.uasset" 111
"../../../Engine/Content/EditorMaterials/MatineeGroups/MAT_Groups_Anim.uasset" 112
"../../../Engine/Content/EditorMaterials/MatineeGroups/MAT_Groups_AudioMaster.uasset" 113
"../../../Engine/Content/EditorMaterials/MatineeGroups/MAT_Groups_Director.uasset" 114
"../../../Engine/Content/EditorMaterials/MatineeGroups/MAT_Groups_Event.uasset" 115
"../../../Engine/Content/EditorMaterials/MatineeGroups/MAT_Groups_Fade.uasset" 116
"../../../Engine/Content/EditorMaterials/MatineeGroups/MAT_Groups_Float.uasset" 117
"../../../Engine/Content/EditorMaterials/MatineeGroups/MAT_Groups_Move.uasset" 118
"../../../Engine/Content/EditorMaterials/MatineeGroups/MAT_Groups_Slomo.uasset" 119
"../../../Engine/Content/EditorMaterials/MatineeGroups/MAT_Groups_Sound.uasset" 120
"../../../Engine/Content/EditorMaterials/MatineeGroups/MAT_Groups_Vector.uasset" 121
"../../../Engine/Content/EditorMaterials/ParticleSystems/PSysThumbnail_NoImage.uasset" 122
"../../../Engine/Content/EditorMaterials/ParticleSystems/PSysThumbnail_OOD.uasset" 123
"../../../Engine/Content/EditorMaterials/Thumbnails/FloorPlaneMaterial.uasset" 124
"../../../Engine/Content/EditorMeshes/EditorCube.uasset" 125
"../../../Engine/Content/EditorMeshes/EditorCylinder.uasset" 126
"../../../Engine/Content/EditorMeshes/EditorPlane.uasset" 127
"../../../Engine/Content/EditorMaterials/Thumbnails/SkySphereMaterial.uasset" 128
"../../../Engine/Content/EditorMeshes/EditorSkySphere.uasset" 129
"../../../Engine/Content/EditorMeshes/EditorSphere.uasset" 130
"../../../Engine/Content/EditorResources/MatineeCam_D.uasset" 131
"../../../Engine/Content/EditorMaterials/MatineeCam_mat.uasset" 132
"../../../Engine/Content/EditorMeshes/MatineeCam_SM.uasset" 133
"../../../Engine/Content/Functions/Engine_MaterialFunctions01/Shading/ConvertFromDiffSpec.uasset" 134
"../../../Engine/Content/EditorMaterials/GridMaterial.uasset" 135
"../../../Engine/Content/EditorMeshes/PhAT_FloorBox.uasset" 136
"../../../Engine/Content/EditorMeshes/PlanarReflectionPlane.uasset" 137
"../../../Engine/Content/EditorMaterials/Camera/CineMat.uasset" 138
"../../../Engine/Content/EditorMaterials/Camera/MI_CineMat_CameraBody.uasset" 139
"../../../Engine/Content/EngineDebugMaterials/M_SimpleOpaque.uasset" 140
"../../../Engine/Content/EditorMaterials/Camera/MI_CineMat_CamViewFinder.uasset" 141
"../../../Engine/Content/EditorMeshes/Camera/SM_CineCam.uasset" 142
"../../../Engine/Content/EditorMaterials/Camera/MI_CineMat_Rig.uasset" 143
"../../../Engine/Content/EditorMeshes/Camera/SM_CraneRig_Arm.uasset" 144
"../../../Engine/Content/EditorMeshes/Camera/SM_CraneRig_Base.uasset" 145
"../../../Engine/Content/EditorMeshes/Camera/SM_CraneRig_Body.uasset" 146
"../../../Engine/Content/EditorMeshes/Camera/SM_CraneRig_Mount.uasset" 147
"../../../Engine/Content/EditorMeshes/Camera/SM_RailRig_Mount.uasset" 148
"../../../Engine/Content/EditorMeshes/Camera/SM_RailRig_Track.uasset" 149
"../../../Engine/Content/EditorMeshes/ColorCalibrator/M_ChromeBall.uasset" 150
"../../../Engine/Content/EditorResources/Bad.uasset" 151
"../../../Engine/Content/EditorResources/BadBlueprintSprite.uasset" 152
"../../../Engine/Content/EditorResources/BSPVertex.uasset" 153
"../../../Engine/Content/EditorResources/EmptyActor.uasset" 154
"../../../Engine/Content/EditorResources/MatInstActSprite.uasset" 155
"../../../Engine/Content/EditorResources/SceneManager.uasset" 156
"../../../Engine/Content/EditorResources/SmallFont.uasset" 157
"../../../Engine/Content/EditorResources/S_Actor.uasset" 158
"../../../Engine/Content/EditorResources/S_DecalActorIcon.uasset" 159
"../../../Engine/Content/EditorResources/S_Emitter.uasset" 160
"../../../Engine/Content/EditorResources/S_ExpoHeightFog.uasset" 161
"../../../Engine/Content/EditorResources/S_FTest.uasset" 162
"../../../Engine/Content/EditorResources/S_KBSJoint.uasset" 163
"../../../Engine/Content/EditorResources/S_KHinge.uasset" 164
"../../../Engine/Content/EditorResources/S_KPrismatic.uasset" 165
"../../../Engine/Content/EditorResources/S_LevelSequence.uasset" 166
"../../../Engine/Content/EditorResources/S_NavP.uasset" 167
"../../../Engine/Content/EditorResources/S_Note.uasset" 168
"../../../Engine/Content/EditorResources/S_Player.uasset" 169
"../../../Engine/Content/EditorResources/S_PortalActorIcon2.uasset" 170
"../../../Engine/Content/EditorResources/S_RadForce.uasset" 171
"../../../Engine/Content/EditorResources/S_ReflActorIcon.uasset" 172
"../../../Engine/Content/EditorResources/S_SkyAtmosphere.uasset" 173
"../../../Engine/Content/EditorResources/S_Solver.uasset" 174
"../../../Engine/Content/EditorResources/S_Terrain.uasset" 175
"../../../Engine/Content/EditorResources/S_TextRenderActorIcon.uasset" 176
"../../../Engine/Content/EditorResources/S_Thruster.uasset" 177
"../../../Engine/Content/EditorResources/S_Trigger.uasset" 178
"../../../Engine/Content/EditorResources/S_VectorFieldVol.uasset" 179
"../../../Engine/Content/EditorResources/S_WindDirectional.uasset" 180
"../../../Engine/Content/EditorResources/AI/S_NavLink.uasset" 181
"../../../Engine/Content/EditorResources/LightIcons/SkyLight.uasset" 182
"../../../Engine/Content/EditorResources/LightIcons/S_LightDirectional.uasset" 183
"../../../Engine/Content/EditorResources/LightIcons/S_LightDirectionalMove.uasset" 184
"../../../Engine/Content/EditorResources/LightIcons/S_LightError.uasset" 185
"../../../Engine/Content/EditorResources/LightIcons/S_LightPoint.uasset" 186
"../../../Engine/Content/EditorResources/LightIcons/S_LightPointMove.uasset" 187
"../../../Engine/Content/EditorResources/LightIcons/S_LightSpot.uasset" 188
"../../../Engine/Content/EditorResources/LightIcons/S_LightSpotMove.uasset" 189
"../../../Engine/Content/EditorResources/SequenceRecorder/Countdown.uasset" 190
"../../../Engine/Content/EditorResources/SequenceRecorder/RecordingIndicator.uasset" 191
"../../../Engine/Content/EditorResources/Spline/T_Loft_Spline.uasset" 192
"../../../Engine/Content/EditorSounds/Notifications/CompileFailed.uasset" 193
"../../../Engine/Content/EditorSounds/Notifications/CompileFailed_Cue.uasset" 194
"../../../Engine/Content/EditorSounds/Notifications/CompileSuccess.uasset" 195
"../../../Engine/Content/EditorSounds/Notifications/CompileStart_Cue.uasset" 196
"../../../Engine/Content/EditorSounds/Notifications/CompileSuccess_Cue.uasset" 197
"../../../Engine/Content/EngineDamageTypes/DmgTypeBP_Environmental.uasset" 198
"../../../Engine/Content/EngineDebugMaterials/HeatmapGradient.uasset" 199
"../../../Engine/Content/EngineDebugMaterials/BoneWeightMaterial.uasset" 200
"../../../Engine/Content/EngineDebugMaterials/ClothMaterial.uasset" 201
"../../../Engine/Content/EngineDebugMaterials/ClothMaterial_WF.uasset" 202
"../../../Engine/Content/EngineDebugMaterials/DebugEditorMaterial.uasset" 203
"../../../Engine/Content/EngineDebugMaterials/DebugMeshMaterial.uasset" 204
"../../../Engine/Content/EngineDebugMaterials/GeomMaterial.uasset" 205
"../../../Engine/Content/EngineDebugMaterials/LevelColorationLitMaterial.uasset" 206
"../../../Engine/Content/EngineDebugMaterials/LevelColorationUnlitMaterial.uasset" 207
"../../../Engine/Content/EngineMaterials/DefaultWhiteGrid.uasset" 208
"../../../Engine/Content/EngineDebugMaterials/MAT_LevelColorationLitLightmapUV.uasset" 209
"../../../Engine/Content/EngineDebugMaterials/M_SimpleTranslucent.uasset" 210
"../../../Engine/Content/Functions/Engine_MaterialFunctions02/Utility/CameraDirectionVector.uasset" 211
"../../../Engine/Content/EngineDebugMaterials/VolumeToRender.uasset" 212
"../../../Engine/Content/EngineDebugMaterials/M_VolumeRenderSphereTracePP.uasset" 213
"../../../Engine/Content/EngineDebugMaterials/ShadedLevelColorationLitMaterial.uasset" 214
"../../../Engine/Content/EngineDebugMaterials/ShadedLevelColorationUnlitMateri.uasset" 215
"../../../Engine/Content/EngineDebugMaterials/VertexColorMaterial.uasset" 216
"../../../Engine/Content/EngineDebugMaterials/VertexColorViewMode_AlphaAsColor.uasset" 217
"../../../Engine/Content/EngineDebugMaterials/VertexColorViewMode_BlueOnly.uasset" 218
"../../../Engine/Content/EngineDebugMaterials/VertexColorViewMode_ColorOnly.uasset" 219
"../../../Engine/Content/EngineDebugMaterials/VertexColorViewMode_RedOnly.uasset" 220
"../../../Engine/Content/EngineDebugMaterials/WireframeMaterial.uasset" 221
"../../../Engine/Content/EngineFonts/Faces/DroidSansFallback.uasset" 222
"../../../Engine/Content/EngineFonts/Faces/RobotoBold.uasset" 223
"../../../Engine/Content/EngineFonts/Faces/RobotoBoldItalic.uasset" 224
"../../../Engine/Content/EngineFonts/Faces/RobotoItalic.uasset" 225
"../../../Engine/Content/EngineFonts/Faces/RobotoLight.uasset" 226
"../../../Engine/Content/EngineFonts/Faces/RobotoRegular.uasset" 227
"../../../Engine/Content/EngineFonts/Roboto.uasset" 228
"../../../Engine/Content/EngineFonts/Faces/RobotoTiny.uasset" 229
"../../../Engine/Content/EngineFonts/RobotoTiny.uasset" 230
"../../../Engine/Content/EngineFonts/SmallFont.uasset" 231
"../../../Engine/Content/EngineFonts/TinyFont.uasset" 232
"../../../Engine/Content/EngineMaterials/BaseFlattenDiffuseMap.uasset" 233
"../../../Engine/Content/EngineMaterials/BaseFlattenEmissiveMap.uasset" 234
"../../../Engine/Content/EngineMaterials/BaseFlattenGrayscaleMap.uasset" 235
"../../../Engine/Content/EngineMaterials/BaseFlattenNormalMap.uasset" 236
"../../../Engine/Content/EngineMaterials/BaseFlattenMaterial.uasset" 237
"../../../Engine/Content/EngineResources/WhiteSquareTexture.uasset" 238
"../../../Engine/Content/EngineMaterials/BlinkingCaret.uasset" 239
"../../../Engine/Content/EngineMaterials/BlueNoise.uasset" 240
"../../../Engine/Content/EngineMaterials/DefaultBloomKernel.uasset" 241
"../../../Engine/Content/EngineMaterials/DefaultBokeh.uasset" 242
"../../../Engine/Content/EngineMaterials/DefaultDeferredDecalMaterial.uasset" 243
"../../../Engine/Content/EngineMaterials/DefaultLightFunctionMaterial.uasset" 244
"../../../Engine/Content/EngineMaterials/DefaultNormal.uasset" 245
"../../../Engine/Content/EngineMaterials/DefaultPostProcessMaterial.uasset" 246
"../../../Engine/Content/EngineFonts/RobotoDistanceField.uasset" 247
"../../../Engine/Content/EngineMaterials/DefaultTextMaterialOpaque.uasset" 248
"../../../Engine/Content/EngineMaterials/EditorBrushMaterial.uasset" 249
"../../../Engine/Content/EngineMaterials/DefaultWhiteGrid_Low.uasset" 250
"../../../Engine/Content/EngineMaterials/EmissiveMeshMaterial.uasset" 251
"../../../Engine/Content/EngineMaterials/GizmoMaterial.uasset" 252
"../../../Engine/Content/EngineMaterials/Good64x64TilingNoiseHighFreq.uasset" 253
"../../../Engine/Content/EngineMaterials/Grid_N.uasset" 254
"../../../Engine/Content/EngineMaterials/HairColorMap.uasset" 255
"../../../Engine/Content/EngineMaterials/HairDebugColor.uasset" 256
"../../../Engine/Content/EngineMaterials/HairDebugMaterial.uasset" 257
"../../../Engine/Content/EngineMaterials/HairDefaultMaterial.uasset" 258
"../../../Engine/Content/EngineMaterials/HighResolutionScreenshotMaskFunction.uasset" 259
"../../../Engine/Content/EngineMaterials/HighResScreenshot.uasset" 260
"../../../Engine/Content/EngineMaterials/HighResScreenshotCaptureRegion.uasset" 261
"../../../Engine/Content/EngineMaterials/HighResScreenshotMask.uasset" 262
"../../../Engine/Content/EngineMaterials/LandscapeHolePhysicalMaterial.uasset" 263
"../../../Engine/Content/EngineMaterials/InvalidLightmapSettings.uasset" 264
"../../../Engine/Content/EngineMaterials/M_InvalidLightmapSettings.uasset" 265
"../../../Engine/Content/EngineMaterials/PaperDiffuse.uasset" 266
"../../../Engine/Content/EngineMaterials/PaperNormal.uasset" 267
"../../../Engine/Content/Functions/Engine_MaterialFunctions02/WorldPositionOffset/CameraOffset.uasset" 268
"../../../Engine/Content/EngineMaterials/PhAT_JointLimitMaterial.uasset" 269
"../../../Engine/Content/EngineMaterials/PhysMat_Rubber.uasset" 270
"../../../Engine/Content/EngineMaterials/PreintegratedSkinBRDF.uasset" 271
"../../../Engine/Content/EngineMaterials/RemoveSurfaceMaterial.uasset" 272
"../../../Engine/Content/EngineMaterials/WeightMapPlaceholderTexture.uasset" 273
"../../../Engine/Content/Functions/Engine_MaterialFunctions01/ImageAdjustment/sRGBToLinear.uasset" 274
"../../../Engine/Content/Functions/Engine_MaterialFunctions02/Utility/BreakOutFloat3Components.uasset" 275
"../../../Engine/Content/EngineMaterials/Widget3DCameraPassThrough_Opaque_OneSided.uasset" 276
"../../../Engine/Content/EngineMaterials/Widget3DPassThrough.uasset" 277
"../../../Engine/Content/EngineMaterials/Widget3DPassThrough_Masked.uasset" 278
"../../../Engine/Content/EngineMaterials/Widget3DPassThrough_Opaque.uasset" 279
"../../../Engine/Content/EngineMaterials/Widget3DPassThrough_Masked_OneSided.uasset" 280
"../../../Engine/Content/EngineMaterials/Widget3DPassThrough_Opaque_OneSided.uasset" 281
"../../../Engine/Content/EngineMaterials/Widget3DPassThrough_Translucent.uasset" 282
"../../../Engine/Content/EngineMaterials/Widget3DPassThrough_Translucent_OneSided.uasset" 283
"../../../Engine/Content/EngineMeshes/Cylinder.uasset" 284
"../../../Engine/Content/EngineMeshes/Sphere.uasset" 285
"../../../Engine/Content/EngineResources/Black.uasset" 286
"../../../Engine/Content/EngineResources/DefaultTexture.uasset" 287
"../../../Engine/Content/EngineResources/DefaultTextureCube.uasset" 288
"../../../Engine/Content/EngineResources/DefaultVolumeTexture2D.uasset" 289
"../../../Engine/Content/EngineResources/DefaultVolumeTexture.uasset" 290
"../../../Engine/Content/EngineResources/GradientTexture0.uasset" 291
"../../../Engine/Content/EngineResources/StreamingPauseIcon.uasset" 292
"../../../Engine/Content/EngineResources/M_StreamingPause.uasset" 293
"../../../Engine/Content/EngineSounds/Master.uasset" 294
"../../../Engine/Content/Functions/Engine_MaterialFunctions01/Shading/PowerToRoughness.uasset" 295
"../../../Engine/Content/Maps/Templates/Thumbnails/Default.uasset" 296
"../../../Engine/Content/Maps/Templates/Thumbnails/TimeOfDay.uasset" 297
"../../../Engine/Content/Maps/Templates/Thumbnails/VR-Basic.uasset" 298
"../../../Engine/Content/MapTemplates/Sky/DaylightAmbientCubemap.uasset" 299
"../../../Engine/Content/MobileResources/T_MobileControls_texture.uasset" 300
"../../../Engine/Content/MobileResources/T_MobileMenu2.uasset" 301
"../../../Engine/Content/MobileResources/HUD/AnalogHat.uasset" 302
"../../../Engine/Content/MobileResources/HUD/VirtualJoystick_Background.uasset" 303
"../../../Engine/Content/MobileResources/HUD/VirtualJoystick_Thumb.uasset" 304
"../../../Engine/Content/MobileResources/HUD/DefaultVirtualJoysticks.uasset" 305
"../../../Engine/Content/MobileResources/HUD/LeftVirtualJoystickOnly.uasset" 306
"../../../Engine/Content/MobileResources/HUD/MobileHUDButton1_off.uasset" 307
"../../../Engine/Content/MobileResources/HUD/MobileHUDButton1_on.uasset" 308
"../../../Engine/Content/MobileResources/HUD/MobileHUDButton2_off.uasset" 309
"../../../Engine/Content/MobileResources/HUD/MobileHUDButton2_on.uasset" 310
"../../../Engine/Content/MobileResources/HUD/MobileHUDButton3.uasset" 311
"../../../Engine/Content/MobileResources/HUD/MobileHUDButtonFire.uasset" 312
"../../../Engine/Content/MobileResources/HUD/MobileHUDDirectionPad.uasset" 313
"../../../Engine/Content/MobileResources/HUD/MobileHUDDirectionPad2.uasset" 314
"../../../Engine/Content/MobileResources/HUD/MobileHUDDirectionPad3.uasset" 315
"../../../Engine/Content/MobileResources/HUD/MobileHUDDirectionStick.uasset" 316
"../../../Engine/Content/MobileResources/HUD/T_Castle_ThumbstickInner.uasset" 317
"../../../Engine/Content/MobileResources/HUD/T_Castle_ThumbstickOutter.uasset" 318
"../../../Engine/Content/Tutorial/ContentIntroCurve.uasset" 319
"../../../Engine/Content/Tutorial/Basics/LevelEditorAttract.uasset" 320
"../../../Engine/Content/Tutorial/Basics/TutorialAssets/icon_tab_Levels_40x.uasset" 321
"../../../Engine/Content/Tutorial/Basics/LevelEditorOverview.uasset" 322
"../../../Engine/Content/Tutorial/BlueprintTutorials/TutorialAssets/Blueprint_64x.uasset" 323
"../../../Engine/Content/Tutorial/BlueprintTutorials/BlueprintEditorTutorial.uasset" 324
"../../../Engine/Content/Tutorial/BlueprintTutorials/TutorialAssets/Tutorial_BP_MacroLib.uasset" 325
"../../../Engine/Content/VREditor/LaserPointer/VR_LaserPower_01.uasset" 326
"../../../Engine/Content/VREditor/TransformGizmo/TransformGizmoMaterial.uasset" 327
"../../../Engine/Content/VREditor/TransformGizmo/TranslucentTransformGizmoMaterial.uasset" 328
"../../../Engine/Content/VREditor/TransformGizmo/BoundingBoxCorner.uasset" 329
"../../../Engine/Content/VREditor/TransformGizmo/BoundingBoxEdge.uasset" 330
"../../../Engine/Content/VREditor/TransformGizmo/PlaneTranslationHandle.uasset" 331
"../../../Engine/Content/VREditor/TransformGizmo/Main.uasset" 332
"../../../Engine/Content/VREditor/TransformGizmo/Xray.uasset" 333
"../../../Engine/Content/VREditor/TransformGizmo/SM_Sequencer_Key.uasset" 334
"../../../Engine/Content/VREditor/TransformGizmo/SM_Sequencer_Node.uasset" 335
"../../../../../../Users/Shadow/Documents/Projects/ggj2020/MadRiff3/Content/FirstPersonBP/FirstPersonOverview.uasset" 336
"../../../../../../Users/Shadow/Documents/Projects/ggj2020/MadRiff3/Content/FirstPersonBP/Blueprints/astronaut/astronaut_Skeleton.uasset" 337
"../../../../../../Users/Shadow/Documents/Projects/ggj2020/MadRiff3/Content/FirstPersonBP/Blueprints/astronaut/astronaut.uasset" 338
"../../../../../../Users/Shadow/Documents/Projects/ggj2020/MadRiff3/Content/FirstPersonBP/Blueprints/ship/level1.uasset" 339
"../../../../../../Users/Shadow/Documents/Projects/ggj2020/MadRiff3/Content/FirstPersonBP/Blueprints/ship/level.uasset" 340
"../../../../../../Users/Shadow/Documents/Projects/ggj2020/MadRiff3/Content/Gravity/Gravity.uasset" 341
"../../../../../../Users/Shadow/Documents/Projects/ggj2020/MadRiff3/Content/ui/game-over.uasset" 342
"../../Plugins/2D/Paper2D/Content/PlaceholderTextures/DummySpriteTexture.uasset" 343
"../../Plugins/2D/Paper2D/Content/DummySprite.uasset" 344
"../../Plugins/2D/Paper2D/Content/DefaultPaperTerrainMaterial.uasset" 345
"../../Plugins/2D/Paper2D/Content/DefaultSpriteMaterial.uasset" 346
"../../Plugins/2D/Paper2D/Content/MaskedUnlitSpriteMaterial.uasset" 347
"../../Plugins/2D/Paper2D/Content/OpaqueUnlitSpriteMaterial.uasset" 348
"../../Plugins/Enterprise/DatasmithContent/Content/Blueprints/FBXImporter/FBXImporterUtils.uasset" 349
"../../../Engine/Content/Functions/Engine_MaterialFunctions02/Utility/BreakOutFloat4Components.uasset" 350
"../../Plugins/Runtime/Oculus/OculusVR/Content/Materials/OculusMR_ChromaKey.uasset" 351
"../../Plugins/Runtime/Oculus/OculusVR/Content/Materials/OculusMR_ChromaKey_Lit.uasset" 352
"../../Plugins/Runtime/Oculus/OculusVR/Content/Materials/OculusMR_OpaqueColoredMaterial.uasset" 353
"../../Plugins/Runtime/Oculus/OculusVR/Content/Materials/OculusMR_WhiteMaterial.uasset" 354
"../../../../../../Users/Shadow/Documents/Projects/ggj2020/MadRiff3/Content/Assets/Sounds/Alert-converted.uasset" 355
"../../../../../../Users/Shadow/Documents/Projects/ggj2020/MadRiff3/Content/Assets/Menu/title-screen.uasset" 356
"../../../Engine/Content/Maps/Entry_BuiltData.uasset" 357
"../../../Engine/Content/Maps/Entry.umap" 358
"../../../../../../Users/Shadow/Documents/Projects/ggj2020/MadRiff3/Content/Alien/AlienBB.uasset" 359
"../../../../../../Users/Shadow/Documents/Projects/ggj2020/MadRiff3/Content/Alien/AlienBT.uasset" 360
"../../../../../../Users/Shadow/Documents/Projects/ggj2020/MadRiff3/Content/Gravity/IGravity.uasset" 361
"../../../../../../Users/Shadow/Documents/Projects/ggj2020/MadRiff3/Content/InventorySystem/Interact.uasset" 362
"../../../../../../Users/Shadow/Documents/Projects/ggj2020/MadRiff3/Content/InventorySystem/ItemStructure.uasset" 363
"../../../../../../Users/Shadow/Documents/Projects/ggj2020/MadRiff3/Content/InventorySystem/Item/Item.uasset" 364
"../../../../../../Users/Shadow/Documents/Projects/ggj2020/MadRiff3/Content/RepairableItem/Repair.uasset" 365
"../../../../../../Users/Shadow/Documents/Projects/ggj2020/MadRiff3/Content/RepairableItem/RepairableItem.uasset" 366
"../../../../../../Users/Shadow/Documents/Projects/ggj2020/MadRiff3/Content/Alien/AlienController.uasset" 367
"../../../../../../Users/Shadow/Documents/Projects/ggj2020/MadRiff3/Content/FirstPersonBP/Blueprints/alien_jelly/bake_alien_jelly_ao.uasset" 368
"../../../../../../Users/Shadow/Documents/Projects/ggj2020/MadRiff3/Content/FirstPersonBP/Blueprints/alien_jelly/bake_alien_jelly_diffuse.uasset" 369
"../../../../../../Users/Shadow/Documents/Projects/ggj2020/MadRiff3/Content/FirstPersonBP/Blueprints/alien_jelly/bake_alien_jelly_normal.uasset" 370
"../../../../../../Users/Shadow/Documents/Projects/ggj2020/MadRiff3/Content/FirstPersonBP/Blueprints/alien_jelly/bake_alien_jelly_rough.uasset" 371
"../../../../../../Users/Shadow/Documents/Projects/ggj2020/MadRiff3/Content/FirstPersonBP/Blueprints/alien_jelly/alien_jelly1.uasset" 372
"../../../../../../Users/Shadow/Documents/Projects/ggj2020/MadRiff3/Content/FirstPersonBP/Blueprints/alien_jelly/alien_jelly_PhysicsAsset.uasset" 373
"../../../../../../Users/Shadow/Documents/Projects/ggj2020/MadRiff3/Content/FirstPersonBP/Blueprints/alien_jelly/alien_jelly_Skeleton.uasset" 374
"../../../../../../Users/Shadow/Documents/Projects/ggj2020/MadRiff3/Content/FirstPersonBP/Blueprints/alien_jelly/alien_jelly.uasset" 375
"../../../../../../Users/Shadow/Documents/Projects/ggj2020/MadRiff3/Content/FirstPersonBP/Blueprints/alien_jelly/alien_jelly_character.uasset" 376
"../../../../../../Users/Shadow/Documents/Projects/ggj2020/MadRiff3/Content/FirstPerson/Character/Mesh/SK_Mannequin_Arms_Skeleton.uasset" 377
"../../../../../../Users/Shadow/Documents/Projects/ggj2020/MadRiff3/Content/FirstPerson/Animations/FirstPerson_Idle.uasset" 378
"../../../../../../Users/Shadow/Documents/Projects/ggj2020/MadRiff3/Content/FirstPerson/Animations/FirstPerson_JumpEnd.uasset" 379
"../../../../../../Users/Shadow/Documents/Projects/ggj2020/MadRiff3/Content/FirstPerson/Animations/FirstPerson_JumpLoop.uasset" 380
"../../../../../../Users/Shadow/Documents/Projects/ggj2020/MadRiff3/Content/FirstPerson/Animations/FirstPerson_JumpStart.uasset" 381
"../../../../../../Users/Shadow/Documents/Projects/ggj2020/MadRiff3/Content/FirstPerson/Animations/FirstPerson_Run.uasset" 382
"../../../../../../Users/Shadow/Documents/Projects/ggj2020/MadRiff3/Content/FirstPerson/Animations/FirstPerson_AnimBP.uasset" 383
"../../../../../../Users/Shadow/Documents/Projects/ggj2020/MadRiff3/Content/FirstPerson/Animations/FirstPerson_Fire.uasset" 384
"../../../../../../Users/Shadow/Documents/Projects/ggj2020/MadRiff3/Content/FirstPerson/Animations/FirstPersonFire_Montage.uasset" 385
"../../../../../../Users/Shadow/Documents/Projects/ggj2020/MadRiff3/Content/Buttons/Press.uasset" 386
"../../../../../../Users/Shadow/Documents/Projects/ggj2020/MadRiff3/Content/FirstPerson/Meshes/BaseMaterial.uasset" 387
"../../../../../../Users/Shadow/Documents/Projects/ggj2020/MadRiff3/Content/FirstPerson/Meshes/FirstPersonProjectileMaterial.uasset" 388
"../../../../../../Users/Shadow/Documents/Projects/ggj2020/MadRiff3/Content/FirstPerson/Meshes/FirstPersonProjectileMesh.uasset" 389
"../../../../../../Users/Shadow/Documents/Projects/ggj2020/MadRiff3/Content/FirstPersonBP/Blueprints/FirstPersonProjectile.uasset" 390
"../../../../../../Users/Shadow/Documents/Projects/ggj2020/MadRiff3/Content/FirstPerson/Textures/FirstPersonCrosshair.uasset" 391
"../../../../../../Users/Shadow/Documents/Projects/ggj2020/MadRiff3/Content/Assets/HUD/health-bar.uasset" 392
"../../../../../../Users/Shadow/Documents/Projects/ggj2020/MadRiff3/Content/icon-exports/metal-plate.uasset" 393
"../../../../../../Users/Shadow/Documents/Projects/ggj2020/MadRiff3/Content/icon-exports/spool.uasset" 394
"../../../../../../Users/Shadow/Documents/Projects/ggj2020/MadRiff3/Content/icon-exports/tape.uasset" 395
"../../../../../../Users/Shadow/Documents/Projects/ggj2020/MadRiff3/Content/icon-exports/wrench.uasset" 396
"../../../../../../Users/Shadow/Documents/Projects/ggj2020/MadRiff3/Content/FirstPersonBP/Blueprints/HUD/HUDWidget.uasset" 397
"../../../../../../Users/Shadow/Documents/Projects/ggj2020/MadRiff3/Content/FirstPersonBP/Blueprints/HUD/FirstPersonHUD.uasset" 398
"../../../../../../Users/Shadow/Documents/Projects/ggj2020/MadRiff3/Content/InventorySystem/InventoryUI/HUD.uasset" 399
"../../../../../../Users/Shadow/Documents/Projects/ggj2020/MadRiff3/Content/FirstPersonBP/MyPlayerController.uasset" 400
"../../../../../../Users/Shadow/Documents/Projects/ggj2020/MadRiff3/Content/FirstPersonBP/Blueprints/GameMode/FirstPersonGameMode.uasset" 401
"../../../../../../Users/Shadow/Documents/Projects/ggj2020/MadRiff3/Content/InventorySystem/SlotStructure.uasset" 402
"../../../../../../Users/Shadow/Documents/Projects/ggj2020/MadRiff3/Content/InventorySystem/InventoryUI/InventorySlot.uasset" 403
"../../../../../../Users/Shadow/Documents/Projects/ggj2020/MadRiff3/Content/InventorySystem/InventoryUI/InventoryDisplay.uasset" 404
"../../../../../../Users/Shadow/Documents/Projects/ggj2020/MadRiff3/Content/InventorySystem/InventoryComponent.uasset" 405
"../../../Engine/Content/VREditor/Sounds/UI/Click_on_Button.uasset" 406
"../../../Engine/Content/VREditor/Sounds/UI/Invalid_Action.uasset" 407
"../../../Engine/Content/VREditor/Sounds/UI/Laser_Push.uasset" 408
"../../../Engine/Content/VREditor/Sounds/UI/Object_PickUp.uasset" 409
"../../../Engine/Content/Functions/Engine_MaterialFunctions02/Utility/BlendAngleCorrectedNormals.uasset" 410
"../../../Engine/Content/Functions/MaterialLayerFunctions/MatLayerBlend_NormalBlend.uasset" 411
"../../../Engine/Content/Functions/MaterialLayerFunctions/MatLayerBlend_Simple.uasset" 412
"../../../../../../Users/Shadow/Documents/Projects/ggj2020/MadRiff3/Content/FirstPerson/Character/Materials/MaterialLayers/T_ML_Rubber_Blue_01_D.uasset" 413
"../../../../../../Users/Shadow/Documents/Projects/ggj2020/MadRiff3/Content/FirstPerson/Character/Materials/MaterialLayers/T_ML_Rubber_Blue_01_N.uasset" 414
"../../../../../../Users/Shadow/Documents/Projects/ggj2020/MadRiff3/Content/FirstPerson/Character/Materials/MaterialLayers/ML_GlossyBlack_Latex_UE4.uasset" 415
"../../../../../../Users/Shadow/Documents/Projects/ggj2020/MadRiff3/Content/FirstPerson/Character/Materials/MaterialLayers/ML_Plastic_Shiny_Beige.uasset" 416
"../../../../../../Users/Shadow/Documents/Projects/ggj2020/MadRiff3/Content/FirstPerson/Character/Textures/UE4_LOGO_CARD.uasset" 417
"../../../../../../Users/Shadow/Documents/Projects/ggj2020/MadRiff3/Content/FirstPerson/Character/Materials/MaterialLayers/ML_Plastic_Shiny_Beige_LOGO.uasset" 418
"../../../../../../Users/Shadow/Documents/Projects/ggj2020/MadRiff3/Content/FirstPerson/Character/Materials/MaterialLayers/T_ML_Aluminum01.uasset" 419
"../../../../../../Users/Shadow/Documents/Projects/ggj2020/MadRiff3/Content/FirstPerson/Character/Materials/MaterialLayers/T_ML_Aluminum01_N.uasset" 420
"../../../../../../Users/Shadow/Documents/Projects/ggj2020/MadRiff3/Content/FirstPerson/Character/Materials/MaterialLayers/ML_SoftMetal_UE4.uasset" 421
"../../../../../../Users/Shadow/Documents/Projects/ggj2020/MadRiff3/Content/FirstPerson/Character/Textures/UE4_Mannequin__normals.uasset" 422
"../../../../../../Users/Shadow/Documents/Projects/ggj2020/MadRiff3/Content/FirstPerson/Character/Textures/UE4_Mannequin_MAT_MASKA.uasset" 423
"../../../../../../Users/Shadow/Documents/Projects/ggj2020/MadRiff3/Content/FirstPerson/Character/Materials/M_UE4Man_Body.uasset" 424
"../../../../../../Users/Shadow/Documents/Projects/ggj2020/MadRiff3/Content/FirstPerson/Character/Mesh/SK_Mannequin_Arms_PhysicsAsset.uasset" 425
"../../../../../../Users/Shadow/Documents/Projects/ggj2020/MadRiff3/Content/FirstPerson/Character/Mesh/SK_Mannequin_Arms.uasset" 426
"../../../../../../Users/Shadow/Documents/Projects/ggj2020/MadRiff3/Content/FirstPersonBP/Blueprints/FirstPersonCharacter.uasset" 427
"../../../Engine/Content/EngineDebugMaterials/VertexColorViewMode_GreenOnly.uasset" 428
"../../../Engine/Content/VREditor/BasicMeshes/T_CleanFloorGrunge_01_D.uasset" 429
"../../../Engine/Content/VREditor/BasicMeshes/M_Floor_01.uasset" 430
"../../../Engine/Content/VREditor/BasicMeshes/MI_Cube_03.uasset" 431
"../../../Engine/Content/BasicShapes/Cube.uasset" 432
"../../../../../../Users/Shadow/Documents/Projects/ggj2020/MadRiff3/Content/Buttons/Button.uasset" 433
"../../../../../../Users/Shadow/Documents/Projects/ggj2020/MadRiff3/Content/Buttons/GravityButton.uasset" 434
"../../../Engine/Content/EngineSky/T_Sky_Blue.uasset" 435
"../../../Engine/Content/EngineSky/T_Sky_Clouds_M.uasset" 436
"../../../Engine/Content/EngineSky/T_Sky_Stars.uasset" 437
"../../../Engine/Content/EngineSky/M_Sky_Panning_Clouds2.uasset" 438
"../../../Engine/Content/EngineSky/SM_SkySphere.uasset" 439
"../../../../../../Users/Shadow/Documents/Projects/ggj2020/MadRiff3/Content/Environment/Sky/SkyboxBP.uasset" 440
"../../../../../../Users/Shadow/Documents/Projects/ggj2020/MadRiff3/Content/Environment/Sky/SunMat.uasset" 441
"../../../Engine/Content/BasicShapes/Sphere.uasset" 442
"../../../../../../Users/Shadow/Documents/Projects/ggj2020/MadRiff3/Content/Environment/Sky/Sun.uasset" 443
"../../../Engine/Content/BasicShapes/BasicShapeMaterial.uasset" 444
"../../../../../../Users/Shadow/Documents/Projects/ggj2020/MadRiff3/Content/Gravity/Ceiling.uasset" 445
"../../../../../../Users/Shadow/Documents/Projects/ggj2020/MadRiff3/Content/StarterContent/Textures/T_MacroVariation.uasset" 446
"../../../../../../Users/Shadow/Documents/Projects/ggj2020/MadRiff3/Content/StarterContent/Materials/M_Metal_Brushed_Nickel.uasset" 447
"../../../../../../Users/Shadow/Documents/Projects/ggj2020/MadRiff3/Content/StarterContent/Materials/M_Basic_Wall.uasset" 448
"../../../../../../Users/Shadow/Documents/Projects/ggj2020/MadRiff3/Content/StarterContent/Shapes/Shape_Sphere.uasset" 449
"../../../../../../Users/Shadow/Documents/Projects/ggj2020/MadRiff3/Content/InventorySystem/Item/Item_Orb.uasset" 450
"../../../Engine/Content/EngineMaterials/DefaultVirtualTextureMaterial.uasset" 451
"../../../../../../Users/Shadow/Documents/Projects/ggj2020/MadRiff3/Content/Geometry/Meshes/CubeMaterial.uasset" 452
"../../../../../../Users/Shadow/Documents/Projects/ggj2020/MadRiff3/Content/Geometry/Meshes/1M_Cube.uasset" 453
"../../../../../../Users/Shadow/Documents/Projects/ggj2020/MadRiff3/Content/RepairableItem/Repair_Cube.uasset" 454
"../../../../../../Users/Shadow/Documents/Projects/ggj2020/MadRiff3/Content/FirstPersonBP/Maps/FirstPersonExampleMap_BuiltData.uasset" 455
"../../../../../../Users/Shadow/Documents/Projects/ggj2020/MadRiff3/Content/Environment/Sky/Nebula3.uasset" 456
"../../../../../../Users/Shadow/Documents/Projects/ggj2020/MadRiff3/Content/Environment/Sky/SkyBoxMat.uasset" 457
"../../../../../../Users/Shadow/Documents/Projects/ggj2020/MadRiff3/Content/FirstPerson/Meshes/CubeMaterialOverride.uasset" 458
"../../../../../../Users/Shadow/Documents/Projects/ggj2020/MadRiff3/Content/FirstPersonBP/Maps/FirstPersonExampleMap.umap" 459
"../../../../../../Users/Shadow/Documents/Projects/ggj2020/MadRiff3/Content/Assets/HUD/title-screen.uasset" 460
"../../../../../../Users/Shadow/Documents/Projects/ggj2020/MadRiff3/Content/Assets/Menu/QuitGameNormal.uasset" 461
"../../../../../../Users/Shadow/Documents/Projects/ggj2020/MadRiff3/Content/Assets/Menu/StartGameNormal.uasset" 462
"../../../../../../Users/Shadow/Documents/Projects/ggj2020/MadRiff3/Content/Assets/Menu/Sun.uasset" 463
"../../../../../../Users/Shadow/Documents/Projects/ggj2020/MadRiff3/Content/Assets/Sounds/Hover-converted.uasset" 464
"../../../../../../Users/Shadow/Documents/Projects/ggj2020/MadRiff3/Content/Assets/Sounds/Press-converted.uasset" 465
"../../../../../../Users/Shadow/Documents/Projects/ggj2020/MadRiff3/Content/Assets/Sounds/Spaceship-converted.uasset" 466
"../../../../../../Users/Shadow/Documents/Projects/ggj2020/MadRiff3/Content/FirstPersonBP/Blueprints/HUD/MainMenuWidget.uasset" 467
"../../../../../../Users/Shadow/Documents/Projects/ggj2020/MadRiff3/Content/FirstPersonBP/Blueprints/HUD/MainMenuHUD.uasset" 468
"../../../../../../Users/Shadow/Documents/Projects/ggj2020/MadRiff3/Content/FirstPersonBP/Blueprints/GameMode/MenuGameMode.uasset" 469
"../../../../../../Users/Shadow/Documents/Projects/ggj2020/MadRiff3/Content/FirstPersonBP/Maps/FirstPersonExampleMap1.umap" 470
